-------------------------------------------------------------------------------
Test set: com.example.demo.DemoApplicationTests
-------------------------------------------------------------------------------
Tests run: 16, Failures: 1, Errors: 0, Skipped: 0, Time elapsed: 1.943 s <<< FAILURE! - in com.example.demo.DemoApplicationTests
check_add_to_day_menu_recipe_not_exist  Time elapsed: 0.057 s  <<< FAILURE!
org.opentest4j.AssertionFailedError: Expected java.sql.SQLIntegrityConstraintViolationException to be thrown, but nothing was thrown.
	at com.example.demo.DemoApplicationTests.check_add_to_day_menu_recipe_not_exist(DemoApplicationTests.java:285)

