-------------------------------------------------------------------------------
Test set: com.example.demo.DemoApplicationTests
-------------------------------------------------------------------------------
Tests run: 12, Failures: 2, Errors: 1, Skipped: 0, Time elapsed: 1.96 s <<< FAILURE! - in com.example.demo.DemoApplicationTests
check_fridge_list  Time elapsed: 0.536 s  <<< ERROR!
java.lang.RuntimeException: 
java.sql.SQLSyntaxErrorException: ORA-00947: niewystarczająca liczba wartości

	at com.example.demo.DemoApplicationTests.check_fridge_list(DemoApplicationTests.java:221)
Caused by: java.sql.SQLSyntaxErrorException: 
ORA-00947: niewystarczająca liczba wartości

	at com.example.demo.DemoApplicationTests.check_fridge_list(DemoApplicationTests.java:213)
Caused by: oracle.jdbc.OracleDatabaseException: 
ORA-00947: niewystarczająca liczba wartości

	at com.example.demo.DemoApplicationTests.check_fridge_list(DemoApplicationTests.java:213)

check_fridge_list_client_not_exist  Time elapsed: 0.057 s  <<< FAILURE!
org.opentest4j.AssertionFailedError: Unexpected exception type thrown, expected: <java.sql.SQLIntegrityConstraintViolationException> but was: <java.sql.SQLSyntaxErrorException>
	at com.example.demo.DemoApplicationTests.check_fridge_list_client_not_exist(DemoApplicationTests.java:248)
Caused by: java.sql.SQLSyntaxErrorException: 
ORA-00947: niewystarczająca liczba wartości

	at com.example.demo.DemoApplicationTests.lambda$check_fridge_list_client_not_exist$3(DemoApplicationTests.java:249)
	at com.example.demo.DemoApplicationTests.check_fridge_list_client_not_exist(DemoApplicationTests.java:248)
Caused by: oracle.jdbc.OracleDatabaseException: 
ORA-00947: niewystarczająca liczba wartości

	at com.example.demo.DemoApplicationTests.lambda$check_fridge_list_client_not_exist$3(DemoApplicationTests.java:249)
	at com.example.demo.DemoApplicationTests.check_fridge_list_client_not_exist(DemoApplicationTests.java:248)

check_fridge_list_food_not_exist  Time elapsed: 0.067 s  <<< FAILURE!
org.opentest4j.AssertionFailedError: Unexpected exception type thrown, expected: <java.sql.SQLIntegrityConstraintViolationException> but was: <java.sql.SQLSyntaxErrorException>
	at com.example.demo.DemoApplicationTests.check_fridge_list_food_not_exist(DemoApplicationTests.java:230)
Caused by: java.sql.SQLSyntaxErrorException: 
ORA-00947: niewystarczająca liczba wartości

	at com.example.demo.DemoApplicationTests.lambda$check_fridge_list_food_not_exist$2(DemoApplicationTests.java:231)
	at com.example.demo.DemoApplicationTests.check_fridge_list_food_not_exist(DemoApplicationTests.java:230)
Caused by: oracle.jdbc.OracleDatabaseException: 
ORA-00947: niewystarczająca liczba wartości

	at com.example.demo.DemoApplicationTests.lambda$check_fridge_list_food_not_exist$2(DemoApplicationTests.java:231)
	at com.example.demo.DemoApplicationTests.check_fridge_list_food_not_exist(DemoApplicationTests.java:230)

