<?xml version="1.0" encoding="UTF-8"?>
<testsuite xmlns:xsi="http://www.w3.org/2001/XMLSchema-instance" xsi:noNamespaceSchemaLocation="https://maven.apache.org/surefire/maven-surefire-plugin/xsd/surefire-test-report.xsd" name="com.example.demo.DemoApplicationTests" time="2.859" tests="16" errors="0" skipped="0" failures="0">
  <properties>
[...]
</properties>
  <testcase name="check_fridge_list" classname="com.example.demo.DemoApplicationTests" time="0.959"/>
  <testcase name="get_ingredients" classname="com.example.demo.DemoApplicationTests" time="0.083"/>
  <testcase name="add_user" classname="com.example.demo.DemoApplicationTests" time="0.995"/>
  <testcase name="check_add_to_day_menu" classname="com.example.demo.DemoApplicationTests" time="0.058"/>
  <testcase name="check_add_to_day_menu_recipe_not_exist" classname="com.example.demo.DemoApplicationTests" time="0.088"/>
  <testcase name="check_delete_from_day_menu" classname="com.example.demo.DemoApplicationTests" time="0.081"/>
  <testcase name="check_shopping_list_food_not_exist" classname="com.example.demo.DemoApplicationTests" time="0.08"/>
  <testcase name="small" classname="com.example.demo.DemoApplicationTests" time="0.001"/>
  <testcase name="check_fridge_list_client_not_exist" classname="com.example.demo.DemoApplicationTests" time="0.068"/>
  <testcase name="get_client" classname="com.example.demo.DemoApplicationTests" time="0.061"/>
  <testcase name="check_add_to_day_menu_client_not_exist" classname="com.example.demo.DemoApplicationTests" time="0.055"/>
  <testcase name="check_shopping_list_client_not_exist" classname="com.example.demo.DemoApplicationTests" time="0.064"/>
  <testcase name="get_steps" classname="com.example.demo.DemoApplicationTests" time="0.071"/>
  <testcase name="get_recipes" classname="com.example.demo.DemoApplicationTests" time="0.052"/>
  <testcase name="check_shopping_list" classname="com.example.demo.DemoApplicationTests" time="0.065"/>
  <testcase name="check_fridge_list_food_not_exist" classname="com.example.demo.DemoApplicationTests" time="0.053"/>
</testsuite>