<?xml version="1.0" encoding="UTF-8"?>
<testsuite xmlns:xsi="http://www.w3.org/2001/XMLSchema-instance" xsi:noNamespaceSchemaLocation="https://maven.apache.org/surefire/maven-surefire-plugin/xsd/surefire-test-report.xsd" name="com.example.demo.DemoApplicationTests" time="14.237" tests="23" errors="1" skipped="0" failures="0">
  <properties>
[...]
</properties>
  <testcase name="test_add_fav_client_not_exist" classname="com.example.demo.DemoApplicationTests" time="1.351"/>
  <testcase name="check_fridge_list" classname="com.example.demo.DemoApplicationTests" time="0.64"/>
  <testcase name="get_ingredient" classname="com.example.demo.DemoApplicationTests" time="2.711"/>
  <testcase name="get_ingredients" classname="com.example.demo.DemoApplicationTests" time="0.487"/>
  <testcase name="add_user" classname="com.example.demo.DemoApplicationTests" time="1.12">
    <error message="contentPane cannot be set to null." type="java.awt.IllegalComponentStateException">java.awt.IllegalComponentStateException: contentPane cannot be set to null.
	at com.example.demo.DemoApplicationTests.add_user(DemoApplicationTests.java:74)
</error>
  </testcase>
  <testcase name="check_add_to_day_menu" classname="com.example.demo.DemoApplicationTests" time="0.549"/>
  <testcase name="check_add_to_day_menu_recipe_not_exist" classname="com.example.demo.DemoApplicationTests" time="0.513"/>
  <testcase name="check_delete_from_day_menu" classname="com.example.demo.DemoApplicationTests" time="0.561"/>
  <testcase name="check_add_to_fav_recipe" classname="com.example.demo.DemoApplicationTests" time="0.563"/>
  <testcase name="check_shopping_list_food_not_exist" classname="com.example.demo.DemoApplicationTests" time="0.476"/>
  <testcase name="small" classname="com.example.demo.DemoApplicationTests" time="0.001"/>
  <testcase name="test_add_fav_recipe_not_exist" classname="com.example.demo.DemoApplicationTests" time="0.491"/>
  <testcase name="check_fridge_list_client_not_exist" classname="com.example.demo.DemoApplicationTests" time="0.492"/>
  <testcase name="test_step_to_recipe_not_existing" classname="com.example.demo.DemoApplicationTests" time="0.479"/>
  <testcase name="get_recipe_nutrients" classname="com.example.demo.DemoApplicationTests" time="0.156"/>
  <testcase name="get_client" classname="com.example.demo.DemoApplicationTests" time="0.467"/>
  <testcase name="check_add_to_day_menu_client_not_exist" classname="com.example.demo.DemoApplicationTests" time="0.473"/>
  <testcase name="check_shopping_list_client_not_exist" classname="com.example.demo.DemoApplicationTests" time="0.471"/>
  <testcase name="get_recipe" classname="com.example.demo.DemoApplicationTests" time="0.243"/>
  <testcase name="get_steps" classname="com.example.demo.DemoApplicationTests" time="0.461"/>
  <testcase name="get_recipes" classname="com.example.demo.DemoApplicationTests" time="0.49"/>
  <testcase name="check_shopping_list" classname="com.example.demo.DemoApplicationTests" time="0.524"/>
  <testcase name="check_fridge_list_food_not_exist" classname="com.example.demo.DemoApplicationTests" time="0.489"/>
</testsuite>